[2016-03-28 17:19:37] START
[2016-03-28 17:20:33] EDIT memegenerator/models/db.py: 16
[2016-03-28 17:37:23] EDIT memegenerator/controllers/default.py: 3
[2016-03-28 17:38:39] EDIT memegenerator/views/default/index.html: 6
[2016-03-28 17:41:18] EDIT memegenerator/controllers/default.py: -3
[2016-03-28 17:47:21] EDIT memegenerator/views/default/index.html: -48
[2016-03-28 18:21:52] EDIT memegenerator/views/default/index.html: 1
[2016-03-28 18:23:46] EDIT memegenerator/controllers/default.py: 0
[2016-03-28 18:25:44] EDIT memegenerator/views/default/index.html: 7
[2016-03-28 18:28:10] EDIT memegenerator/views/default/index.html: 0
[2016-03-28 18:28:28] EDIT memegenerator/controllers/default.py: 0
[2016-03-28 18:28:52] EDIT memegenerator/views/default/index.html: 0
[2016-03-28 18:29:11] EDIT memegenerator/views/default/index.html: 0
[2016-03-28 18:30:00] EDIT memegenerator/controllers/default.py: 0
[2016-03-28 18:31:33] EDIT memegenerator/views/default/index.html: 0
[2016-03-28 18:31:50] EDIT memegenerator/views/default/index.html: 0
[2016-03-28 18:32:09] EDIT memegenerator/controllers/default.py: 0
[2016-04-04 20:24:09] EDIT memegenerator/views/default/index.html: 3
[2016-04-04 20:24:10] EDIT memegenerator/views/default/index.html: 0
[2016-04-04 20:25:40] EDIT memegenerator/views/default/index.html: 0
[2016-04-04 20:26:11] EDIT memegenerator/views/default/index.html: -1
[2016-04-04 20:27:59] EDIT memegenerator/views/default/index.html: 0
[2016-04-04 20:29:14] EDIT memegenerator/controllers/default.py: 0
[2016-04-04 20:32:34] EDIT memegenerator/views/default/index.html: 1
[2016-04-04 20:33:00] EDIT memegenerator/views/default/index.html: 1
[2016-04-04 20:33:50] EDIT memegenerator/views/default/index.html: 2
[2016-04-04 20:39:34] EDIT memegenerator/views/default/index.html: 1
[2016-04-04 20:40:17] EDIT memegenerator/views/default/index.html: 0
[2016-04-04 20:40:35] EDIT memegenerator/views/default/index.html: -2
[2016-04-04 20:41:04] EDIT memegenerator/views/default/index.html: -1
[2016-04-04 20:41:12] EDIT memegenerator/views/default/index.html: -1
[2016-04-04 20:41:34] EDIT memegenerator/views/default/index.html: 0
[2016-04-04 20:42:18] EDIT memegenerator/views/default/index.html: 0
[2016-04-04 20:43:13] EDIT memegenerator/views/default/index.html: 0
[2016-04-04 20:43:32] EDIT memegenerator/views/default/index.html: 1
[2016-04-04 22:13:03] EDIT memegenerator/views/default/index.html: 1
[2016-04-04 22:13:05] EDIT memegenerator/views/default/index.html: 0
[2016-04-04 22:16:13] EDIT memegenerator/views/default/index.html: 0
[2016-04-04 22:16:15] EDIT memegenerator/views/default/index.html: 0
[2016-04-04 22:50:59] EDIT memegenerator/views/default/index.html: 0
[2016-04-04 22:52:47] EDIT memegenerator/views/default/index.html: 0
[2016-04-04 22:53:10] EDIT memegenerator/views/default/index.html: 0
[2016-04-04 22:53:11] EDIT memegenerator/views/default/index.html: 0
[2016-04-04 22:54:27] EDIT memegenerator/views/default/index.html: 0
[2016-04-04 22:54:40] EDIT memegenerator/views/default/index.html: 0
[2016-04-04 22:54:41] EDIT memegenerator/views/default/index.html: 0
[2016-04-04 22:55:28] EDIT memegenerator/views/default/index.html: 0
[2016-04-04 22:55:29] EDIT memegenerator/views/default/index.html: 0
[2016-04-04 22:57:18] EDIT memegenerator/views/default/index.html: 0
[2016-04-04 23:10:39] EDIT memegenerator/views/default/index.html: 0
[2016-04-04 23:10:40] EDIT memegenerator/views/default/index.html: 0
[2016-04-04 23:16:12] EDIT memegenerator/views/default/index.html: -1
[2016-04-04 23:16:41] EDIT memegenerator/views/default/index.html: 0
[2016-04-07 18:24:59] DELETE memegenerator/views/default/ex1.jpg: -39
[2016-04-07 18:30:45] EDIT memegenerator/views/default/index.html: 0
[2016-04-07 18:30:46] EDIT memegenerator/views/default/index.html: 0
[2016-04-07 18:32:16] EDIT memegenerator/views/default/index.html: 1
[2016-04-07 18:32:59] EDIT memegenerator/views/default/index.html: 0
[2016-04-07 18:34:16] EDIT memegenerator/views/default/index.html: 0
[2016-04-07 18:34:22] EDIT memegenerator/views/default/index.html: 0
[2016-04-07 18:36:40] EDIT memegenerator/views/default/index.html: 0
[2016-04-07 18:36:59] EDIT memegenerator/views/default/index.html: 0
[2016-04-07 18:37:05] EDIT memegenerator/views/default/index.html: 0
[2016-04-07 18:37:07] EDIT memegenerator/views/default/index.html: 0
[2016-04-07 18:37:17] EDIT memegenerator/views/default/index.html: 0
[2016-04-07 18:44:01] EDIT memegenerator/views/default/index.html: -2
[2016-04-07 18:44:54] EDIT memegenerator/controllers/test.py: 0
[2016-04-07 18:49:00] EDIT memegenerator/views/default/index.html: 1
[2016-04-07 18:50:03] EDIT memegenerator/views/default/index.html: 1
[2016-04-07 18:50:04] EDIT memegenerator/views/default/index.html: 0
[2016-04-07 18:50:15] EDIT memegenerator/views/default/index.html: 0
[2016-04-07 18:53:58] EDIT memegenerator/views/default/index.html: 0
[2016-04-07 18:54:15] EDIT memegenerator/views/default/index.html: 0
[2016-04-07 18:57:59] EDIT memegenerator/views/default/index.html: 0
[2016-04-07 19:08:59] EDIT memegenerator/views/default/index.html: -1
[2016-04-07 19:09:21] EDIT memegenerator/views/default/index.html: -1
[2016-04-07 19:09:23] EDIT memegenerator/views/default/index.html: 0
[2016-04-07 19:11:03] EDIT memegenerator/controllers/test.py: 0
[2016-04-07 19:11:07] EDIT memegenerator/controllers/test.py: 0
[2016-04-07 19:11:16] EDIT memegenerator/controllers/test.py: 0
[2016-04-07 19:12:37] EDIT memegenerator/views/default/index.html: 0
[2016-04-07 19:16:41] CREATE default/creatememe.html_: 0
[2016-04-07 19:18:14] DELETE memegenerator/views/default/creatememe.html_: 0
[2016-04-07 19:18:33] CREATE default/meme.html: 0
[2016-04-07 19:19:31] EDIT memegenerator/views/default/index.html: 0
[2016-04-07 19:21:11] EDIT memegenerator/views/default/meme.html: -1
[2016-04-07 19:22:13] EDIT memegenerator/controllers/default.py: 2
[2016-04-07 19:22:15] EDIT memegenerator/controllers/default.py: 0
[2016-04-07 19:26:09] EDIT memegenerator/controllers/default.py: 5
[2016-04-07 19:32:53] EDIT memegenerator/controllers/default.py: 0
[2016-04-07 19:34:22] EDIT memegenerator/controllers/default.py: -1
[2016-04-07 19:37:15] EDIT memegenerator/controllers/default.py: 0
[2016-04-07 19:38:43] EDIT memegenerator/controllers/default.py: 0
[2016-04-07 19:39:47] EDIT memegenerator/controllers/default.py: 0
[2016-04-07 19:44:06] EDIT memegenerator/controllers/default.py: 3
[2016-04-07 19:44:09] EDIT memegenerator/controllers/default.py: 0
[2016-04-07 19:45:08] EDIT memegenerator/controllers/default.py: 0
[2016-04-07 19:45:10] EDIT memegenerator/controllers/default.py: 0
[2016-04-07 19:45:55] EDIT memegenerator/controllers/default.py: 0
[2016-04-07 19:46:44] EDIT memegenerator/controllers/default.py: 0
[2016-04-07 19:46:46] EDIT memegenerator/controllers/default.py: 0
[2016-04-07 19:48:47] EDIT memegenerator/controllers/default.py: 0
[2016-04-07 19:49:19] EDIT memegenerator/views/default/meme.html: 0
[2016-04-07 19:49:42] EDIT memegenerator/controllers/default.py: 0
[2016-04-07 19:49:46] EDIT memegenerator/controllers/default.py: 0
[2016-04-07 19:50:20] EDIT memegenerator/controllers/default.py: 1
[2016-04-07 19:50:44] EDIT memegenerator/controllers/default.py: -1
[2016-04-07 19:52:08] EDIT memegenerator/views/default/meme.html: 0
[2016-04-07 19:52:11] EDIT memegenerator/views/default/meme.html: 0
[2016-04-07 19:52:37] EDIT memegenerator/views/default/meme.html: 0
[2016-04-07 19:53:18] EDIT memegenerator/views/default/meme.html: 0
[2016-04-07 19:54:41] EDIT memegenerator/controllers/default.py: 0
[2016-04-07 19:54:42] EDIT memegenerator/controllers/default.py: 0
[2016-04-07 19:54:50] EDIT memegenerator/controllers/default.py: 0
[2016-04-07 20:00:47] EDIT memegenerator/controllers/default.py: 0
[2016-04-07 20:01:22] EDIT memegenerator/controllers/default.py: 0
[2016-04-07 20:01:28] EDIT memegenerator/controllers/default.py: 0
[2016-04-07 20:01:34] EDIT memegenerator/controllers/default.py: 0
[2016-04-07 20:05:00] EDIT memegenerator/views/default/meme.html: 1
[2016-04-07 20:05:08] EDIT memegenerator/views/default/meme.html: 0
[2016-04-07 20:13:49] EDIT memegenerator/controllers/default.py: 0
[2016-04-07 20:13:52] EDIT memegenerator/controllers/default.py: 0
[2016-04-07 20:14:28] EDIT memegenerator/controllers/default.py: 0
[2016-04-07 20:15:13] EDIT memegenerator/controllers/default.py: 1
[2016-04-07 20:15:58] EDIT memegenerator/views/default/meme.html: 0
[2016-04-07 20:16:14] EDIT memegenerator/controllers/default.py: 0
[2016-04-07 20:18:45] EDIT memegenerator/controllers/default.py: -1
[2016-04-07 20:20:18] EDIT memegenerator/controllers/default.py: 2
[2016-04-07 20:21:38] EDIT memegenerator/controllers/default.py: 0
[2016-04-07 20:21:42] EDIT memegenerator/controllers/default.py: 0
[2016-04-07 20:23:58] EDIT memegenerator/controllers/default.py: 0
[2016-04-07 20:24:24] EDIT memegenerator/controllers/default.py: 0
[2016-04-07 20:24:59] EDIT memegenerator/views/default/meme.html: 0
[2016-04-07 20:25:28] EDIT memegenerator/controllers/default.py: 0
[2016-04-07 20:26:01] EDIT memegenerator/views/default/meme.html: -1
[2016-04-07 20:26:52] EDIT memegenerator/controllers/default.py: 0
[2016-04-07 20:27:18] EDIT memegenerator/controllers/default.py: 0
[2016-04-07 20:27:19] EDIT memegenerator/controllers/default.py: 0
[2016-04-07 20:27:38] EDIT memegenerator/controllers/default.py: 0
[2016-04-07 20:27:50] EDIT memegenerator/controllers/default.py: 0
[2016-04-07 20:28:54] EDIT memegenerator/views/default/meme.html: 0
[2016-04-07 20:29:00] EDIT memegenerator/controllers/default.py: 0
[2016-04-07 20:29:47] EDIT memegenerator/controllers/default.py: 0
[2016-04-07 20:29:55] EDIT memegenerator/views/default/meme.html: 0
[2016-04-07 20:30:01] EDIT memegenerator/views/default/meme.html: 0
[2016-04-07 20:30:11] EDIT memegenerator/views/default/meme.html: 0
[2016-04-07 20:32:11] EDIT memegenerator/controllers/default.py: 0
[2016-04-07 20:32:24] EDIT memegenerator/controllers/default.py: 0
[2016-04-07 20:34:29] EDIT memegenerator/controllers/default.py: 0
[2016-04-07 20:35:57] EDIT memegenerator/views/default/meme.html: 1
[2016-04-07 20:43:14] EDIT memegenerator/controllers/default.py: 0
[2016-04-07 20:43:18] EDIT memegenerator/controllers/default.py: 0
[2016-04-07 20:44:07] EDIT memegenerator/views/default/meme.html: 0
[2016-04-07 20:44:23] EDIT memegenerator/views/default/meme.html: 0
[2016-04-07 20:44:41] EDIT memegenerator/views/default/meme.html: 0
[2016-04-07 20:45:24] EDIT memegenerator/views/default/meme.html: 0
[2016-04-07 20:45:32] EDIT memegenerator/views/default/meme.html: 0
[2016-04-07 20:46:11] EDIT memegenerator/controllers/default.py: 0
[2016-04-07 20:46:19] EDIT memegenerator/controllers/default.py: -1
[2016-04-07 20:46:30] EDIT memegenerator/controllers/default.py: 0
[2016-04-07 20:46:41] EDIT memegenerator/views/default/meme.html: 0
[2016-04-07 20:46:58] EDIT memegenerator/views/default/meme.html: 0
[2016-04-07 20:48:17] EDIT memegenerator/controllers/default.py: 0
[2016-04-07 20:48:31] EDIT memegenerator/controllers/default.py: 0
[2016-04-07 21:00:55] EDIT memegenerator/controllers/default.py: 0
[2016-04-07 21:01:12] EDIT memegenerator/controllers/default.py: 0
[2016-04-07 21:04:29] EDIT memegenerator/controllers/default.py: 0
[2016-04-07 21:04:41] EDIT memegenerator/controllers/default.py: 0
[2016-04-07 21:20:41] EDIT memegenerator/controllers/default.py: 0
[2016-04-07 21:22:55] EDIT memegenerator/controllers/default.py: 3
[2016-04-07 21:23:04] EDIT memegenerator/controllers/default.py: 0
[2016-04-07 21:26:16] EDIT memegenerator/controllers/default.py: 0
[2016-04-07 21:26:57] EDIT memegenerator/controllers/default.py: 0
[2016-04-07 21:27:13] EDIT memegenerator/controllers/default.py: 0
[2016-04-07 21:28:48] EDIT memegenerator/controllers/default.py: 0
[2016-04-07 21:29:11] EDIT memegenerator/controllers/default.py: 0
[2016-04-07 21:29:47] EDIT memegenerator/controllers/default.py: 0
[2016-04-07 21:31:31] EDIT memegenerator/views/default/meme.html: 0
[2016-04-07 21:31:45] EDIT memegenerator/views/default/meme.html: 0
[2016-04-07 21:31:55] EDIT memegenerator/views/default/meme.html: 0
[2016-04-07 21:32:50] EDIT memegenerator/controllers/default.py: 0
[2016-04-07 21:35:25] EDIT memegenerator/controllers/default.py: 3
[2016-04-07 21:37:00] EDIT memegenerator/views/default/meme.html: 0
[2016-04-07 21:37:47] EDIT memegenerator/controllers/default.py: -3
[2016-04-07 21:37:57] EDIT memegenerator/views/default/index.html: 0
[2016-04-07 21:37:59] EDIT memegenerator/views/default/meme.html: 0
[2016-04-07 21:41:34] EDIT memegenerator/controllers/default.py: 0
[2016-04-07 21:41:47] EDIT memegenerator/controllers/default.py: 0
[2016-04-07 21:43:27] EDIT memegenerator/views/default/meme.html: 0
[2016-04-07 21:47:46] EDIT memegenerator/views/default/meme.html: 0
[2016-04-07 21:48:16] EDIT memegenerator/controllers/default.py: 0
[2016-04-07 21:50:59] EDIT memegenerator/controllers/default.py: 0
[2016-04-07 21:51:19] EDIT memegenerator/controllers/default.py: 0
[2016-04-07 21:51:41] EDIT memegenerator/controllers/default.py: 0
[2016-04-07 22:05:20] EDIT memegenerator/controllers/default.py: 3
[2016-04-07 22:06:13] EDIT memegenerator/controllers/default.py: 0
[2016-04-07 22:09:03] EDIT memegenerator/controllers/default.py: 0
[2016-04-07 22:09:30] EDIT memegenerator/controllers/default.py: 0
[2016-04-07 22:12:19] EDIT memegenerator/controllers/default.py: 3
[2016-04-07 22:12:29] EDIT memegenerator/controllers/default.py: 0
[2016-04-07 22:13:09] EDIT memegenerator/controllers/default.py: -1
[2016-04-07 22:13:34] EDIT memegenerator/controllers/default.py: 0
[2016-04-07 22:14:53] EDIT memegenerator/views/default/index.html: 0
[2016-04-07 22:15:44] EDIT memegenerator/controllers/default.py: 0
[2016-04-07 22:15:55] EDIT memegenerator/controllers/default.py: 0
[2016-04-07 22:28:58] EDIT memegenerator/controllers/default.py: 1
[2016-04-07 22:29:08] EDIT memegenerator/controllers/default.py: 0
[2016-04-07 22:30:40] EDIT memegenerator/controllers/default.py: 0
[2016-04-07 22:31:31] EDIT memegenerator/controllers/default.py: -1
[2016-04-07 22:32:31] EDIT memegenerator/controllers/default.py: 1
[2016-04-07 22:32:39] EDIT memegenerator/controllers/default.py: 0
[2016-04-07 22:32:46] EDIT memegenerator/controllers/default.py: 0
[2016-04-07 22:33:50] EDIT memegenerator/controllers/default.py: 0
[2016-04-07 22:33:54] EDIT memegenerator/controllers/default.py: 0
[2016-04-07 22:34:16] EDIT memegenerator/controllers/default.py: 0
[2016-04-07 22:35:24] EDIT memegenerator/controllers/default.py: 0
[2016-04-07 22:35:44] EDIT memegenerator/controllers/default.py: 0
[2016-04-07 22:36:29] EDIT memegenerator/controllers/default.py: 0
[2016-04-07 22:36:45] EDIT memegenerator/controllers/default.py: 0
[2016-04-07 22:37:11] EDIT memegenerator/controllers/default.py: 0
[2016-04-07 22:39:26] EDIT memegenerator/controllers/default.py: 0
[2016-04-07 22:39:59] EDIT memegenerator/controllers/default.py: 0
[2016-04-07 22:45:31] EDIT memegenerator/controllers/default.py: 0
[2016-04-07 23:00:17] EDIT memegenerator/controllers/default.py: -1
[2016-04-07 23:00:35] EDIT memegenerator/controllers/default.py: 0
[2016-04-07 23:00:40] EDIT memegenerator/controllers/default.py: 0
[2016-04-07 23:04:45] EDIT memegenerator/controllers/default.py: 1
[2016-04-07 23:05:07] EDIT memegenerator/controllers/default.py: 0
[2016-04-07 23:38:37] EDIT memegenerator/controllers/default.py: 0
[2016-04-07 23:40:32] EDIT memegenerator/controllers/default.py: 0
[2016-04-07 23:46:08] EDIT memegenerator/controllers/default.py: 0
[2016-04-07 23:46:34] EDIT memegenerator/controllers/default.py: 0
[2016-04-07 23:50:23] EDIT memegenerator/controllers/default.py: 1
[2016-04-07 23:50:28] EDIT memegenerator/controllers/default.py: 0
[2016-04-07 23:50:46] EDIT memegenerator/controllers/default.py: 0
[2016-04-07 23:52:14] EDIT memegenerator/controllers/default.py: -1
[2016-04-07 23:55:08] EDIT memegenerator/controllers/default.py: 0
[2016-04-07 23:55:24] EDIT memegenerator/controllers/default.py: 0
[2016-04-07 23:55:47] EDIT memegenerator/views/default/meme.html: -1
[2016-04-07 23:56:39] EDIT memegenerator/controllers/default.py: 0
[2016-04-07 23:56:58] EDIT memegenerator/controllers/default.py: 0
[2016-04-07 23:57:10] EDIT memegenerator/controllers/default.py: 0
[2016-04-07 23:57:42] EDIT memegenerator/views/default/meme.html: 1
[2016-04-07 23:58:11] EDIT memegenerator/views/default/meme.html: 0
[2016-04-07 23:58:43] EDIT memegenerator/controllers/default.py: 0
[2016-04-08 00:05:10] EDIT memegenerator/controllers/default.py: 0
[2016-04-08 00:06:09] EDIT memegenerator/controllers/default.py: 0
[2016-04-08 00:06:12] EDIT memegenerator/controllers/default.py: 0
